0 info it worked if it ends with ok
1 verbose cli [ 'C:\\Program Files\\nodejs\\node.exe',
1 verbose cli   'C:\\Program Files\\nodejs\\node_modules\\npm\\bin\\npm-cli.js',
1 verbose cli   'install',
1 verbose cli   '--save',
1 verbose cli   'react-native-windows@0.42.0' ]
2 info using npm@4.1.2
3 info using node@v7.7.3
4 silly loadCurrentTree Starting
5 silly install loadCurrentTree
6 silly install readLocalPackageData
7 silly fetchPackageMetaData react-native-windows@0.42.0
8 silly fetchNamedPackageData react-native-windows
9 silly mapToRegistry name react-native-windows
10 silly mapToRegistry using default registry
11 silly mapToRegistry registry https://registry.npmjs.org/
12 silly mapToRegistry data Result {
12 silly mapToRegistry   raw: 'react-native-windows',
12 silly mapToRegistry   scope: null,
12 silly mapToRegistry   escapedName: 'react-native-windows',
12 silly mapToRegistry   name: 'react-native-windows',
12 silly mapToRegistry   rawSpec: '',
12 silly mapToRegistry   spec: 'latest',
12 silly mapToRegistry   type: 'tag' }
13 silly mapToRegistry uri https://registry.npmjs.org/react-native-windows
14 verbose request uri https://registry.npmjs.org/react-native-windows
15 verbose request no auth needed
16 info attempt registry request try #1 at 8:47:15 AM
17 verbose request id 0f649bacef0cd2d5
18 verbose etag W/"58eae919-211b3"
19 verbose lastModified Mon, 10 Apr 2017 02:08:25 GMT
20 http request GET https://registry.npmjs.org/react-native-windows
21 http 304 https://registry.npmjs.org/react-native-windows
22 verbose headers { date: 'Sat, 22 Apr 2017 00:47:18 GMT',
22 verbose headers   via: '1.1 varnish',
22 verbose headers   'cache-control': 'max-age=300',
22 verbose headers   etag: 'W/"58eae919-211b3"',
22 verbose headers   age: '0',
22 verbose headers   connection: 'keep-alive',
22 verbose headers   'x-served-by': 'cache-itm7420-ITM',
22 verbose headers   'x-cache': 'MISS',
22 verbose headers   'x-cache-hits': '0',
22 verbose headers   'x-timer': 'S1492822039.640784,VS0,VE259',
22 verbose headers   vary: 'Accept-Encoding' }
23 silly get cb [ 304,
23 silly get   { date: 'Sat, 22 Apr 2017 00:47:18 GMT',
23 silly get     via: '1.1 varnish',
23 silly get     'cache-control': 'max-age=300',
23 silly get     etag: 'W/"58eae919-211b3"',
23 silly get     age: '0',
23 silly get     connection: 'keep-alive',
23 silly get     'x-served-by': 'cache-itm7420-ITM',
23 silly get     'x-cache': 'MISS',
23 silly get     'x-cache-hits': '0',
23 silly get     'x-timer': 'S1492822039.640784,VS0,VE259',
23 silly get     vary: 'Accept-Encoding' } ]
24 verbose etag https://registry.npmjs.org/react-native-windows from cache
25 verbose get saving react-native-windows to C:\Users\Ian\AppData\Roaming\npm-cache\registry.npmjs.org\react-native-windows\.cache.json
26 verbose correctMkdir C:\Users\Ian\AppData\Roaming\npm-cache correctMkdir not in flight; initializing
27 silly pickManifestFromRegistryMetadata spec 0.42.0 tag latest versions [ '1.0.0',
27 silly pickManifestFromRegistryMetadata   '0.1.0',
27 silly pickManifestFromRegistryMetadata   '0.2.1',
27 silly pickManifestFromRegistryMetadata   '0.2.2',
27 silly pickManifestFromRegistryMetadata   '0.2.3',
27 silly pickManifestFromRegistryMetadata   '0.2.4',
27 silly pickManifestFromRegistryMetadata   '0.2.5-rc7',
27 silly pickManifestFromRegistryMetadata   '0.27.0-rc',
27 silly pickManifestFromRegistryMetadata   '0.27.0',
27 silly pickManifestFromRegistryMetadata   '0.28.0-rc.0',
27 silly pickManifestFromRegistryMetadata   '0.28.0-rc.1',
27 silly pickManifestFromRegistryMetadata   '0.28.0',
27 silly pickManifestFromRegistryMetadata   '0.29.0-rc.0',
27 silly pickManifestFromRegistryMetadata   '0.28.1',
27 silly pickManifestFromRegistryMetadata   '0.28.2',
27 silly pickManifestFromRegistryMetadata   '0.29.0',
27 silly pickManifestFromRegistryMetadata   '0.28.3',
27 silly pickManifestFromRegistryMetadata   '0.29.1',
27 silly pickManifestFromRegistryMetadata   '0.30.0-rc.0',
27 silly pickManifestFromRegistryMetadata   '0.29.2',
27 silly pickManifestFromRegistryMetadata   '0.30.0',
27 silly pickManifestFromRegistryMetadata   '0.31.0-rc.0',
27 silly pickManifestFromRegistryMetadata   '0.31.0-rc.1',
27 silly pickManifestFromRegistryMetadata   '0.31.0',
27 silly pickManifestFromRegistryMetadata   '0.32.0-rc.0',
27 silly pickManifestFromRegistryMetadata   '0.31.1',
27 silly pickManifestFromRegistryMetadata   '0.31.2',
27 silly pickManifestFromRegistryMetadata   '0.31.3',
27 silly pickManifestFromRegistryMetadata   '0.32.0',
27 silly pickManifestFromRegistryMetadata   '0.33.0-rc.0',
27 silly pickManifestFromRegistryMetadata   '0.33.0-rc.1',
27 silly pickManifestFromRegistryMetadata   '0.33.1',
27 silly pickManifestFromRegistryMetadata   '0.34.0-rc.0',
27 silly pickManifestFromRegistryMetadata   '0.33.3',
27 silly pickManifestFromRegistryMetadata   '0.35.0-rc.0',
27 silly pickManifestFromRegistryMetadata   '0.34.0',
27 silly pickManifestFromRegistryMetadata   '0.32.1',
27 silly pickManifestFromRegistryMetadata   '0.33.4',
27 silly pickManifestFromRegistryMetadata   '0.34.1',
27 silly pickManifestFromRegistryMetadata   '0.35.0',
27 silly pickManifestFromRegistryMetadata   '0.36.0-rc.0',
27 silly pickManifestFromRegistryMetadata   '0.36.0',
27 silly pickManifestFromRegistryMetadata   '0.36.1',
27 silly pickManifestFromRegistryMetadata   '0.37.0-rc.0',
27 silly pickManifestFromRegistryMetadata   '0.37.0-rc.1',
27 silly pickManifestFromRegistryMetadata   '0.37.0',
27 silly pickManifestFromRegistryMetadata   '0.37.1',
27 silly pickManifestFromRegistryMetadata   '0.38.0-rc.0',
27 silly pickManifestFromRegistryMetadata   '0.39.0-rc.0',
27 silly pickManifestFromRegistryMetadata   '0.38.0',
27 silly pickManifestFromRegistryMetadata   '0.38.1',
27 silly pickManifestFromRegistryMetadata   '0.39.0',
27 silly pickManifestFromRegistryMetadata   '0.38.2',
27 silly pickManifestFromRegistryMetadata   '0.39.1',
27 silly pickManifestFromRegistryMetadata   '0.40.0-rc.0',
27 silly pickManifestFromRegistryMetadata   '0.40.0-rc.1',
27 silly pickManifestFromRegistryMetadata   '0.41.0-rc.0',
27 silly pickManifestFromRegistryMetadata   '0.42.0-rc.0',
27 silly pickManifestFromRegistryMetadata   '0.42.0-rc.1',
27 silly pickManifestFromRegistryMetadata   '0.40.0-rc.2',
27 silly pickManifestFromRegistryMetadata   '0.41.0-rc.1',
27 silly pickManifestFromRegistryMetadata   '0.42.0-rc.2',
27 silly pickManifestFromRegistryMetadata   '0.40.0-rc.3',
27 silly pickManifestFromRegistryMetadata   '0.41.0-rc.2',
27 silly pickManifestFromRegistryMetadata   '0.42.0-rc.3',
27 silly pickManifestFromRegistryMetadata   '0.40.0-rc.4',
27 silly pickManifestFromRegistryMetadata   '0.41.0-rc.3',
27 silly pickManifestFromRegistryMetadata   '0.42.0-rc.4',
27 silly pickManifestFromRegistryMetadata   '0.42.0-rc.5',
27 silly pickManifestFromRegistryMetadata   '0.41.0-rc.4',
27 silly pickManifestFromRegistryMetadata   '0.40.0-rc.5',
27 silly pickManifestFromRegistryMetadata   '0.40.0',
27 silly pickManifestFromRegistryMetadata   '0.41.0',
27 silly pickManifestFromRegistryMetadata   '0.42.0',
27 silly pickManifestFromRegistryMetadata   '0.43.0-rc.0' ]
28 silly install normalizeTree
29 silly loadCurrentTree Finishing
30 silly loadIdealTree Starting
31 silly install loadIdealTree
32 silly cloneCurrentTree Starting
33 silly install cloneCurrentTreeToIdealTree
34 silly cloneCurrentTree Finishing
35 silly loadShrinkwrap Starting
36 silly install loadShrinkwrap
37 silly loadShrinkwrap Finishing
38 silly loadAllDepsIntoIdealTree Starting
39 silly install loadAllDepsIntoIdealTree
40 silly resolveWithNewModule react-native-windows@0.42.0 checking installable status
41 silly cache add args [ 'react-native-windows@0.42.0', null ]
42 verbose cache add spec react-native-windows@0.42.0
43 silly cache add parsed spec Result {
43 silly cache add   raw: 'react-native-windows@0.42.0',
43 silly cache add   scope: null,
43 silly cache add   escapedName: 'react-native-windows',
43 silly cache add   name: 'react-native-windows',
43 silly cache add   rawSpec: '0.42.0',
43 silly cache add   spec: '0.42.0',
43 silly cache add   type: 'version' }
44 silly addNamed react-native-windows@0.42.0
45 verbose addNamed "0.42.0" is a plain semver version for react-native-windows
46 silly mapToRegistry name react-native-windows
47 silly mapToRegistry using default registry
48 silly mapToRegistry registry https://registry.npmjs.org/
49 silly mapToRegistry data Result {
49 silly mapToRegistry   raw: 'react-native-windows',
49 silly mapToRegistry   scope: null,
49 silly mapToRegistry   escapedName: 'react-native-windows',
49 silly mapToRegistry   name: 'react-native-windows',
49 silly mapToRegistry   rawSpec: '',
49 silly mapToRegistry   spec: 'latest',
49 silly mapToRegistry   type: 'tag' }
50 silly mapToRegistry uri https://registry.npmjs.org/react-native-windows
51 verbose addNameVersion registry:https://registry.npmjs.org/react-native-windows not in flight; fetching
52 verbose get https://registry.npmjs.org/react-native-windows not expired, no request
53 silly mapToRegistry name react-native-windows
54 silly mapToRegistry using default registry
55 silly mapToRegistry registry https://registry.npmjs.org/
56 silly mapToRegistry data Result {
56 silly mapToRegistry   raw: 'react-native-windows',
56 silly mapToRegistry   scope: null,
56 silly mapToRegistry   escapedName: 'react-native-windows',
56 silly mapToRegistry   name: 'react-native-windows',
56 silly mapToRegistry   rawSpec: '',
56 silly mapToRegistry   spec: 'latest',
56 silly mapToRegistry   type: 'tag' }
57 silly mapToRegistry uri https://registry.npmjs.org/react-native-windows
58 verbose addRemoteTarball https://registry.npmjs.org/react-native-windows/-/react-native-windows-0.42.0.tgz not in flight; adding
59 verbose addRemoteTarball [ 'https://registry.npmjs.org/react-native-windows/-/react-native-windows-0.42.0.tgz',
59 verbose addRemoteTarball   'ae5f84f023f6f8e239f44104db8bb42fde641fbf' ]
60 info retry fetch attempt 1 at 8:47:17 AM
61 info attempt registry request try #1 at 8:47:17 AM
62 http fetch GET https://registry.npmjs.org/react-native-windows/-/react-native-windows-0.42.0.tgz
63 http fetch 200 https://registry.npmjs.org/react-native-windows/-/react-native-windows-0.42.0.tgz
64 verbose stack Error: read ECONNRESET
64 verbose stack     at exports._errnoException (util.js:1033:11)
64 verbose stack     at TLSWrap.onread (net.js:584:26)
65 verbose cwd C:\users\Ian\Documents\Code\AwesomeProject
66 error Windows_NT 10.0.14393
67 error argv "C:\\Program Files\\nodejs\\node.exe" "C:\\Program Files\\nodejs\\node_modules\\npm\\bin\\npm-cli.js" "install" "--save" "react-native-windows@0.42.0"
68 error node v7.7.3
69 error npm  v4.1.2
70 error code ECONNRESET
71 error errno ECONNRESET
72 error syscall read
73 error network read ECONNRESET
74 error network This is most likely not a problem with npm itself
74 error network and is related to network connectivity.
74 error network In most cases you are behind a proxy or have bad network settings.
74 error network
74 error network If you are behind a proxy, please make sure that the
74 error network 'proxy' config is set properly.  See: 'npm help config'
75 verbose exit [ 1, true ]
